{"C:\\UDEMY_COURSES\\TestingWithJest\\jest-testing\\src\\filterByTerm.js": {"path":"C:\\UDEMY_COURSES\\TestingWithJest\\jest-testing\\src\\filterByTerm.js","statementMap":{"0":{"start":{"line":3,"column":4},"end":{"line":3,"column":59}},"1":{"start":{"line":3,"column":21},"end":{"line":3,"column":59}},"2":{"start":{"line":4,"column":18},"end":{"line":4,"column":45}},"3":{"start":{"line":5,"column":4},"end":{"line":7,"column":7}},"4":{"start":{"line":6,"column":6},"end":{"line":6,"column":43}},"5":{"start":{"line":10,"column":2},"end":{"line":10,"column":32}}},"fnMap":{"0":{"name":"filterByTerm","decl":{"start":{"line":1,"column":9},"end":{"line":1,"column":21}},"loc":{"start":{"line":1,"column":44},"end":{"line":8,"column":3}},"line":1},"1":{"name":"(anonymous_1)","decl":{"start":{"line":5,"column":27},"end":{"line":5,"column":28}},"loc":{"start":{"line":5,"column":50},"end":{"line":7,"column":5}},"line":5}},"branchMap":{"0":{"loc":{"start":{"line":3,"column":4},"end":{"line":3,"column":59}},"type":"if","locations":[{"start":{"line":3,"column":4},"end":{"line":3,"column":59}},{"start":{"line":3,"column":4},"end":{"line":3,"column":59}}],"line":3}},"s":{"0":2,"1":0,"2":2,"3":2,"4":6,"5":1},"f":{"0":2,"1":6},"b":{"0":[0,2]},"_coverageSchema":"43e27e138ebf9cfc5966b082cf9a028302ed4184","hash":"6c4b45ac3f5043d2625a8a21d6e59b74936c940f"}
}
